mode: set
black-lotus/internal/trip/repositories/trip_repository.go:30.58,32.2 1 1
black-lotus/internal/trip/repositories/trip_repository.go:34.128,59.16 3 1
black-lotus/internal/trip/repositories/trip_repository.go:59.16,61.3 1 0
black-lotus/internal/trip/repositories/trip_repository.go:63.2,63.18 1 1
black-lotus/internal/trip/repositories/trip_repository.go:67.128,99.16 3 1
black-lotus/internal/trip/repositories/trip_repository.go:99.16,100.36 1 1
black-lotus/internal/trip/repositories/trip_repository.go:100.36,102.4 1 1
black-lotus/internal/trip/repositories/trip_repository.go:103.3,103.18 1 0
black-lotus/internal/trip/repositories/trip_repository.go:106.2,106.18 1 1
black-lotus/internal/trip/repositories/trip_repository.go:110.82,116.16 2 1
black-lotus/internal/trip/repositories/trip_repository.go:116.16,118.3 1 0
black-lotus/internal/trip/repositories/trip_repository.go:120.2,120.36 1 1
black-lotus/internal/trip/repositories/trip_repository.go:120.36,122.3 1 1
black-lotus/internal/trip/repositories/trip_repository.go:124.2,124.12 1 1
black-lotus/internal/trip/repositories/trip_repository.go:128.99,147.16 3 1
black-lotus/internal/trip/repositories/trip_repository.go:147.16,148.36 1 1
black-lotus/internal/trip/repositories/trip_repository.go:148.36,150.4 1 1
black-lotus/internal/trip/repositories/trip_repository.go:151.3,151.18 1 0
black-lotus/internal/trip/repositories/trip_repository.go:154.2,154.18 1 1
black-lotus/internal/trip/repositories/trip_repository.go:158.125,159.16 1 1
black-lotus/internal/trip/repositories/trip_repository.go:159.16,161.3 1 0
black-lotus/internal/trip/repositories/trip_repository.go:163.2,171.16 2 1
black-lotus/internal/trip/repositories/trip_repository.go:171.16,173.3 1 0
black-lotus/internal/trip/repositories/trip_repository.go:174.2,178.18 3 1
black-lotus/internal/trip/repositories/trip_repository.go:178.18,193.17 3 1
black-lotus/internal/trip/repositories/trip_repository.go:193.17,195.4 1 0
black-lotus/internal/trip/repositories/trip_repository.go:197.3,197.30 1 1
black-lotus/internal/trip/repositories/trip_repository.go:200.2,200.35 1 1
black-lotus/internal/trip/repositories/trip_repository.go:200.35,202.3 1 0
black-lotus/internal/trip/repositories/trip_repository.go:204.2,204.19 1 1
black-lotus/internal/trip/services/trip_service.go:22.81,24.2 1 1
black-lotus/internal/trip/services/trip_service.go:26.125,28.43 1 1
black-lotus/internal/trip/services/trip_service.go:28.43,30.3 1 1
black-lotus/internal/trip/services/trip_service.go:33.2,33.22 1 1
black-lotus/internal/trip/services/trip_service.go:33.22,35.3 1 1
black-lotus/internal/trip/services/trip_service.go:38.2,40.16 2 1
black-lotus/internal/trip/services/trip_service.go:40.16,42.3 1 1
black-lotus/internal/trip/services/trip_service.go:44.2,44.18 1 1
black-lotus/internal/trip/services/trip_service.go:48.143,51.16 2 1
black-lotus/internal/trip/services/trip_service.go:51.16,53.3 1 1
black-lotus/internal/trip/services/trip_service.go:55.2,55.27 1 1
black-lotus/internal/trip/services/trip_service.go:55.27,57.3 1 1
black-lotus/internal/trip/services/trip_service.go:60.2,60.52 1 1
black-lotus/internal/trip/services/trip_service.go:60.52,61.45 1 1
black-lotus/internal/trip/services/trip_service.go:61.45,63.4 1 1
black-lotus/internal/trip/services/trip_service.go:64.8,64.76 1 1
black-lotus/internal/trip/services/trip_service.go:64.76,66.3 1 1
black-lotus/internal/trip/services/trip_service.go:66.8,66.73 1 1
black-lotus/internal/trip/services/trip_service.go:66.73,68.3 1 1
black-lotus/internal/trip/services/trip_service.go:73.2,73.50 1 1
black-lotus/internal/trip/services/trip_service.go:77.97,80.16 2 1
black-lotus/internal/trip/services/trip_service.go:80.16,82.3 1 0
black-lotus/internal/trip/services/trip_service.go:84.2,84.27 1 1
black-lotus/internal/trip/services/trip_service.go:84.27,86.3 1 1
black-lotus/internal/trip/services/trip_service.go:88.2,88.43 1 1
black-lotus/internal/trip/services/trip_service.go:92.114,94.16 2 1
black-lotus/internal/trip/services/trip_service.go:94.16,96.3 1 1
black-lotus/internal/trip/services/trip_service.go:99.2,99.27 1 1
black-lotus/internal/trip/services/trip_service.go:99.27,101.3 1 1
black-lotus/internal/trip/services/trip_service.go:103.2,103.18 1 0
