mode: set
black-lotus/internal/features/auth/oauth/google/handler.go:28.99,33.2 1 1
black-lotus/internal/features/auth/oauth/google/handler.go:36.54,39.20 2 1
black-lotus/internal/features/auth/oauth/google/handler.go:39.20,41.3 1 1
black-lotus/internal/features/auth/oauth/google/handler.go:44.2,55.4 5 1
black-lotus/internal/features/auth/oauth/google/handler.go:59.58,62.16 2 1
black-lotus/internal/features/auth/oauth/google/handler.go:62.16,66.3 1 1
black-lotus/internal/features/auth/oauth/google/handler.go:69.2,71.17 3 1
black-lotus/internal/features/auth/oauth/google/handler.go:71.17,73.17 2 1
black-lotus/internal/features/auth/oauth/google/handler.go:73.17,76.4 1 1
black-lotus/internal/features/auth/oauth/google/handler.go:80.2,86.16 5 1
black-lotus/internal/features/auth/oauth/google/handler.go:86.16,90.3 1 1
black-lotus/internal/features/auth/oauth/google/handler.go:93.2,94.16 2 1
black-lotus/internal/features/auth/oauth/google/handler.go:94.16,98.3 1 1
black-lotus/internal/features/auth/oauth/google/handler.go:101.2,102.23 2 1
black-lotus/internal/features/auth/oauth/google/handler.go:102.23,104.3 1 0
black-lotus/internal/features/auth/oauth/google/handler.go:106.2,132.64 20 1
black-lotus/internal/features/auth/oauth/google/service.go:33.12,39.2 1 0
black-lotus/internal/features/auth/oauth/google/service.go:42.108,53.16 9 0
black-lotus/internal/features/auth/oauth/google/service.go:53.16,55.3 1 0
black-lotus/internal/features/auth/oauth/google/service.go:57.2,60.16 3 0
black-lotus/internal/features/auth/oauth/google/service.go:60.16,62.3 1 0
black-lotus/internal/features/auth/oauth/google/service.go:63.2,74.57 4 0
black-lotus/internal/features/auth/oauth/google/service.go:74.57,76.3 1 0
black-lotus/internal/features/auth/oauth/google/service.go:79.2,81.16 3 0
black-lotus/internal/features/auth/oauth/google/service.go:81.16,83.3 1 0
black-lotus/internal/features/auth/oauth/google/service.go:85.2,88.16 3 0
black-lotus/internal/features/auth/oauth/google/service.go:88.16,90.3 1 0
black-lotus/internal/features/auth/oauth/google/service.go:91.2,103.69 3 0
black-lotus/internal/features/auth/oauth/google/service.go:103.69,105.3 1 0
black-lotus/internal/features/auth/oauth/google/service.go:108.2,110.16 2 0
black-lotus/internal/features/auth/oauth/google/service.go:110.16,113.17 2 0
black-lotus/internal/features/auth/oauth/google/service.go:113.17,115.4 1 0
black-lotus/internal/features/auth/oauth/google/service.go:118.3,122.17 5 0
black-lotus/internal/features/auth/oauth/google/service.go:122.17,124.4 1 0
black-lotus/internal/features/auth/oauth/google/service.go:126.3,126.19 1 0
black-lotus/internal/features/auth/oauth/google/service.go:130.2,131.16 2 0
black-lotus/internal/features/auth/oauth/google/service.go:131.16,133.3 1 0
black-lotus/internal/features/auth/oauth/google/service.go:136.2,136.17 1 0
black-lotus/internal/features/auth/oauth/google/service.go:136.17,142.17 3 0
black-lotus/internal/features/auth/oauth/google/service.go:142.17,144.4 1 0
black-lotus/internal/features/auth/oauth/google/service.go:148.2,158.16 3 0
black-lotus/internal/features/auth/oauth/google/service.go:158.16,160.3 1 0
black-lotus/internal/features/auth/oauth/google/service.go:163.2,163.51 1 0
black-lotus/internal/features/auth/oauth/google/service.go:163.51,165.17 2 0
black-lotus/internal/features/auth/oauth/google/service.go:165.17,168.4 1 0
black-lotus/internal/features/auth/oauth/google/service.go:171.2,171.18 1 0
