mode: set
black-lotus/internal/auth/validators/auth_validators.go:10.54,15.2 4 1
black-lotus/internal/auth/validators/auth_validators.go:18.62,21.17 2 1
black-lotus/internal/auth/validators/auth_validators.go:21.17,23.3 1 0
black-lotus/internal/auth/validators/auth_validators.go:25.2,25.55 1 1
black-lotus/internal/auth/validators/auth_validators.go:29.62,32.17 2 1
black-lotus/internal/auth/validators/auth_validators.go:32.17,34.3 1 0
black-lotus/internal/auth/validators/auth_validators.go:36.2,36.55 1 1
black-lotus/internal/auth/validators/auth_validators.go:40.59,43.17 2 1
black-lotus/internal/auth/validators/auth_validators.go:43.17,45.3 1 0
black-lotus/internal/auth/validators/auth_validators.go:47.2,47.55 1 1
black-lotus/internal/auth/validators/auth_validators.go:51.64,54.17 2 1
black-lotus/internal/auth/validators/auth_validators.go:54.17,56.3 1 0
black-lotus/internal/auth/validators/auth_validators.go:58.2,58.87 1 1
black-lotus/internal/auth/repositories/oauth_repository.go:18.60,20.2 1 1
black-lotus/internal/auth/repositories/oauth_repository.go:23.102,41.2 2 1
black-lotus/internal/auth/repositories/oauth_repository.go:44.129,63.16 3 1
black-lotus/internal/auth/repositories/oauth_repository.go:63.16,65.3 1 1
black-lotus/internal/auth/repositories/oauth_repository.go:67.2,67.21 1 1
black-lotus/internal/auth/repositories/oauth_repository.go:71.119,79.16 2 1
black-lotus/internal/auth/repositories/oauth_repository.go:79.16,81.3 1 0
black-lotus/internal/auth/repositories/oauth_repository.go:82.2,85.18 3 1
black-lotus/internal/auth/repositories/oauth_repository.go:85.18,97.17 3 1
black-lotus/internal/auth/repositories/oauth_repository.go:97.17,99.4 1 0
black-lotus/internal/auth/repositories/oauth_repository.go:100.3,100.39 1 1
black-lotus/internal/auth/repositories/oauth_repository.go:103.2,103.22 1 1
black-lotus/internal/auth/repositories/session_repository.go:34.64,36.2 1 1
black-lotus/internal/auth/repositories/session_repository.go:44.28,49.55 3 1
black-lotus/internal/auth/repositories/session_repository.go:49.55,51.3 1 0
black-lotus/internal/auth/repositories/session_repository.go:52.2,58.56 5 1
black-lotus/internal/auth/repositories/session_repository.go:58.56,60.3 1 0
black-lotus/internal/auth/repositories/session_repository.go:61.2,82.16 7 1
black-lotus/internal/auth/repositories/session_repository.go:82.16,84.3 1 1
black-lotus/internal/auth/repositories/session_repository.go:87.2,90.21 3 1
black-lotus/internal/auth/repositories/session_repository.go:94.113,114.16 5 1
black-lotus/internal/auth/repositories/session_repository.go:114.16,116.3 1 1
black-lotus/internal/auth/repositories/session_repository.go:118.2,118.21 1 1
black-lotus/internal/auth/repositories/session_repository.go:122.114,142.16 5 1
black-lotus/internal/auth/repositories/session_repository.go:142.16,144.3 1 1
black-lotus/internal/auth/repositories/session_repository.go:146.2,146.21 1 1
black-lotus/internal/auth/repositories/session_repository.go:150.115,155.49 3 1
black-lotus/internal/auth/repositories/session_repository.go:155.49,157.3 1 0
black-lotus/internal/auth/repositories/session_repository.go:159.2,180.16 6 1
black-lotus/internal/auth/repositories/session_repository.go:180.16,182.3 1 1
black-lotus/internal/auth/repositories/session_repository.go:185.2,187.21 2 1
black-lotus/internal/auth/repositories/session_repository.go:191.97,203.2 4 1
black-lotus/internal/auth/repositories/session_repository.go:206.98,218.2 4 1
black-lotus/internal/auth/repositories/session_repository.go:221.93,228.2 2 1
black-lotus/internal/auth/repositories/user_repository.go:29.58,31.2 1 1
black-lotus/internal/auth/repositories/user_repository.go:33.134,50.16 3 1
black-lotus/internal/auth/repositories/user_repository.go:50.16,52.3 1 1
black-lotus/internal/auth/repositories/user_repository.go:54.2,54.18 1 1
black-lotus/internal/auth/repositories/user_repository.go:58.108,76.16 4 1
black-lotus/internal/auth/repositories/user_repository.go:76.16,77.36 1 1
black-lotus/internal/auth/repositories/user_repository.go:77.36,79.4 1 1
black-lotus/internal/auth/repositories/user_repository.go:80.3,80.18 1 0
black-lotus/internal/auth/repositories/user_repository.go:84.2,85.16 2 1
black-lotus/internal/auth/repositories/user_repository.go:85.16,87.3 1 1
black-lotus/internal/auth/repositories/user_repository.go:90.2,90.18 1 1
black-lotus/internal/auth/repositories/user_repository.go:93.99,110.16 3 1
black-lotus/internal/auth/repositories/user_repository.go:110.16,112.3 1 1
black-lotus/internal/auth/repositories/user_repository.go:114.2,114.18 1 1
black-lotus/internal/auth/repositories/user_repository.go:117.98,134.16 3 1
black-lotus/internal/auth/repositories/user_repository.go:134.16,135.36 1 1
black-lotus/internal/auth/repositories/user_repository.go:135.36,137.4 1 1
black-lotus/internal/auth/repositories/user_repository.go:138.3,138.18 1 0
black-lotus/internal/auth/repositories/user_repository.go:141.2,141.18 1 1
black-lotus/internal/auth/repositories/user_repository.go:145.103,153.2 2 0
black-lotus/internal/auth/services/oauth_service.go:69.17,75.2 1 0
black-lotus/internal/auth/services/oauth_service.go:78.102,79.18 1 0
black-lotus/internal/auth/services/oauth_service.go:80.16,86.4 1 0
black-lotus/internal/auth/services/oauth_service.go:87.16,93.4 1 0
black-lotus/internal/auth/services/oauth_service.go:94.10,95.12 1 0
black-lotus/internal/auth/services/oauth_service.go:100.99,109.16 7 0
black-lotus/internal/auth/services/oauth_service.go:109.16,111.3 1 0
black-lotus/internal/auth/services/oauth_service.go:113.2,118.16 4 0
black-lotus/internal/auth/services/oauth_service.go:118.16,120.3 1 0
black-lotus/internal/auth/services/oauth_service.go:122.2,125.70 3 0
black-lotus/internal/auth/services/oauth_service.go:125.70,127.3 1 0
black-lotus/internal/auth/services/oauth_service.go:130.2,133.16 3 0
black-lotus/internal/auth/services/oauth_service.go:133.16,135.3 1 0
black-lotus/internal/auth/services/oauth_service.go:137.2,142.16 4 0
black-lotus/internal/auth/services/oauth_service.go:142.16,144.3 1 0
black-lotus/internal/auth/services/oauth_service.go:146.2,149.69 3 0
black-lotus/internal/auth/services/oauth_service.go:149.69,151.3 1 0
black-lotus/internal/auth/services/oauth_service.go:154.2,154.26 1 0
black-lotus/internal/auth/services/oauth_service.go:154.26,157.17 3 0
black-lotus/internal/auth/services/oauth_service.go:157.17,159.4 1 0
black-lotus/internal/auth/services/oauth_service.go:160.3,164.17 4 0
black-lotus/internal/auth/services/oauth_service.go:164.17,166.4 1 0
black-lotus/internal/auth/services/oauth_service.go:167.3,170.68 3 0
black-lotus/internal/auth/services/oauth_service.go:170.68,172.4 1 0
black-lotus/internal/auth/services/oauth_service.go:175.3,175.32 1 0
black-lotus/internal/auth/services/oauth_service.go:175.32,176.39 1 0
black-lotus/internal/auth/services/oauth_service.go:176.39,178.10 2 0
black-lotus/internal/auth/services/oauth_service.go:182.3,182.46 1 0
black-lotus/internal/auth/services/oauth_service.go:182.46,184.4 1 0
black-lotus/internal/auth/services/oauth_service.go:187.2,187.26 1 0
black-lotus/internal/auth/services/oauth_service.go:187.26,189.3 1 0
black-lotus/internal/auth/services/oauth_service.go:192.2,195.16 3 0
black-lotus/internal/auth/services/oauth_service.go:195.16,198.17 2 0
black-lotus/internal/auth/services/oauth_service.go:198.17,200.4 1 0
black-lotus/internal/auth/services/oauth_service.go:203.3,205.17 3 0
black-lotus/internal/auth/services/oauth_service.go:205.17,207.4 1 0
black-lotus/internal/auth/services/oauth_service.go:209.3,209.19 1 0
black-lotus/internal/auth/services/oauth_service.go:213.2,214.16 2 0
black-lotus/internal/auth/services/oauth_service.go:214.16,216.3 1 0
black-lotus/internal/auth/services/oauth_service.go:219.2,219.17 1 0
black-lotus/internal/auth/services/oauth_service.go:219.17,226.17 3 0
black-lotus/internal/auth/services/oauth_service.go:226.17,228.4 1 0
black-lotus/internal/auth/services/oauth_service.go:232.2,241.16 3 0
black-lotus/internal/auth/services/oauth_service.go:241.16,243.3 1 0
black-lotus/internal/auth/services/oauth_service.go:246.2,246.25 1 0
black-lotus/internal/auth/services/oauth_service.go:246.25,248.17 2 0
black-lotus/internal/auth/services/oauth_service.go:248.17,251.4 1 0
black-lotus/internal/auth/services/oauth_service.go:254.2,254.18 1 0
black-lotus/internal/auth/services/oauth_service.go:258.119,270.16 9 0
black-lotus/internal/auth/services/oauth_service.go:270.16,272.3 1 0
black-lotus/internal/auth/services/oauth_service.go:274.2,278.16 3 0
black-lotus/internal/auth/services/oauth_service.go:278.16,280.3 1 0
black-lotus/internal/auth/services/oauth_service.go:282.2,287.57 4 0
black-lotus/internal/auth/services/oauth_service.go:287.57,289.3 1 0
black-lotus/internal/auth/services/oauth_service.go:292.2,295.16 3 0
black-lotus/internal/auth/services/oauth_service.go:295.16,297.3 1 0
black-lotus/internal/auth/services/oauth_service.go:299.2,303.16 3 0
black-lotus/internal/auth/services/oauth_service.go:303.16,305.3 1 0
black-lotus/internal/auth/services/oauth_service.go:307.2,311.69 3 0
black-lotus/internal/auth/services/oauth_service.go:311.69,313.3 1 0
black-lotus/internal/auth/services/oauth_service.go:316.2,318.16 2 0
black-lotus/internal/auth/services/oauth_service.go:318.16,321.17 2 0
black-lotus/internal/auth/services/oauth_service.go:321.17,323.4 1 0
black-lotus/internal/auth/services/oauth_service.go:326.3,330.17 5 0
black-lotus/internal/auth/services/oauth_service.go:330.17,332.4 1 0
black-lotus/internal/auth/services/oauth_service.go:334.3,334.19 1 0
black-lotus/internal/auth/services/oauth_service.go:338.2,339.16 2 0
black-lotus/internal/auth/services/oauth_service.go:339.16,341.3 1 0
black-lotus/internal/auth/services/oauth_service.go:344.2,344.17 1 0
black-lotus/internal/auth/services/oauth_service.go:344.17,350.17 3 0
black-lotus/internal/auth/services/oauth_service.go:350.17,352.4 1 0
black-lotus/internal/auth/services/oauth_service.go:356.2,366.16 3 0
black-lotus/internal/auth/services/oauth_service.go:366.16,368.3 1 0
black-lotus/internal/auth/services/oauth_service.go:371.2,371.51 1 0
black-lotus/internal/auth/services/oauth_service.go:371.51,373.17 2 0
black-lotus/internal/auth/services/oauth_service.go:373.17,376.4 1 0
black-lotus/internal/auth/services/oauth_service.go:379.2,379.18 1 0
black-lotus/internal/auth/services/session_service.go:19.93,23.2 1 1
black-lotus/internal/auth/services/session_service.go:26.104,33.2 3 1
black-lotus/internal/auth/services/session_service.go:36.106,38.2 1 1
black-lotus/internal/auth/services/session_service.go:41.107,43.2 1 1
black-lotus/internal/auth/services/session_service.go:46.112,49.16 2 1
black-lotus/internal/auth/services/session_service.go:49.16,51.3 1 1
black-lotus/internal/auth/services/session_service.go:54.2,54.58 1 1
black-lotus/internal/auth/services/session_service.go:58.91,60.2 1 1
black-lotus/internal/auth/services/session_service.go:63.92,65.2 1 1
black-lotus/internal/auth/services/session_service.go:68.90,70.2 1 1
black-lotus/internal/auth/services/user_service.go:18.81,20.2 1 1
black-lotus/internal/auth/services/user_service.go:22.107,25.16 2 1
black-lotus/internal/auth/services/user_service.go:25.16,27.3 1 0
black-lotus/internal/auth/services/user_service.go:29.2,29.25 1 1
black-lotus/internal/auth/services/user_service.go:29.25,31.3 1 1
black-lotus/internal/auth/services/user_service.go:34.2,35.27 2 1
black-lotus/internal/auth/services/user_service.go:35.27,37.17 2 1
black-lotus/internal/auth/services/user_service.go:37.17,39.4 1 0
black-lotus/internal/auth/services/user_service.go:41.3,42.28 2 1
black-lotus/internal/auth/services/user_service.go:46.2,47.16 2 1
black-lotus/internal/auth/services/user_service.go:47.16,49.3 1 1
black-lotus/internal/auth/services/user_service.go:52.2,54.18 2 1
black-lotus/internal/auth/services/user_service.go:58.105,61.16 2 1
black-lotus/internal/auth/services/user_service.go:61.16,63.3 1 1
black-lotus/internal/auth/services/user_service.go:67.2,67.25 1 1
black-lotus/internal/auth/services/user_service.go:67.26,70.3 0 1
black-lotus/internal/auth/services/user_service.go:72.2,72.18 1 1
black-lotus/internal/auth/services/user_service.go:75.96,77.16 2 1
black-lotus/internal/auth/services/user_service.go:77.16,79.3 1 1
black-lotus/internal/auth/services/user_service.go:82.2,84.18 2 1
