mode: set
black-lotus/internal/domain/auth/validators/auth_validators.go:10.54,15.2 4 1
black-lotus/internal/domain/auth/validators/auth_validators.go:18.62,21.17 2 1
black-lotus/internal/domain/auth/validators/auth_validators.go:21.17,23.3 1 0
black-lotus/internal/domain/auth/validators/auth_validators.go:25.2,25.55 1 1
black-lotus/internal/domain/auth/validators/auth_validators.go:29.62,32.17 2 1
black-lotus/internal/domain/auth/validators/auth_validators.go:32.17,34.3 1 0
black-lotus/internal/domain/auth/validators/auth_validators.go:36.2,36.55 1 1
black-lotus/internal/domain/auth/validators/auth_validators.go:40.59,43.17 2 1
black-lotus/internal/domain/auth/validators/auth_validators.go:43.17,45.3 1 0
black-lotus/internal/domain/auth/validators/auth_validators.go:47.2,47.55 1 1
black-lotus/internal/domain/auth/validators/auth_validators.go:51.64,54.17 2 1
black-lotus/internal/domain/auth/validators/auth_validators.go:54.17,56.3 1 0
black-lotus/internal/domain/auth/validators/auth_validators.go:58.2,58.87 1 1
black-lotus/internal/domain/auth/services/oauth_service.go:75.17,81.2 1 0
black-lotus/internal/domain/auth/services/oauth_service.go:84.102,85.18 1 0
black-lotus/internal/domain/auth/services/oauth_service.go:86.16,92.4 1 0
black-lotus/internal/domain/auth/services/oauth_service.go:93.16,99.4 1 0
black-lotus/internal/domain/auth/services/oauth_service.go:100.10,101.12 1 0
black-lotus/internal/domain/auth/services/oauth_service.go:106.99,115.16 7 0
black-lotus/internal/domain/auth/services/oauth_service.go:115.16,117.3 1 0
black-lotus/internal/domain/auth/services/oauth_service.go:119.2,124.16 4 0
black-lotus/internal/domain/auth/services/oauth_service.go:124.16,126.3 1 0
black-lotus/internal/domain/auth/services/oauth_service.go:128.2,131.70 3 0
black-lotus/internal/domain/auth/services/oauth_service.go:131.70,133.3 1 0
black-lotus/internal/domain/auth/services/oauth_service.go:136.2,139.16 3 0
black-lotus/internal/domain/auth/services/oauth_service.go:139.16,141.3 1 0
black-lotus/internal/domain/auth/services/oauth_service.go:143.2,148.16 4 0
black-lotus/internal/domain/auth/services/oauth_service.go:148.16,150.3 1 0
black-lotus/internal/domain/auth/services/oauth_service.go:152.2,155.69 3 0
black-lotus/internal/domain/auth/services/oauth_service.go:155.69,157.3 1 0
black-lotus/internal/domain/auth/services/oauth_service.go:160.2,160.26 1 0
black-lotus/internal/domain/auth/services/oauth_service.go:160.26,163.17 3 0
black-lotus/internal/domain/auth/services/oauth_service.go:163.17,165.4 1 0
black-lotus/internal/domain/auth/services/oauth_service.go:166.3,170.17 4 0
black-lotus/internal/domain/auth/services/oauth_service.go:170.17,172.4 1 0
black-lotus/internal/domain/auth/services/oauth_service.go:173.3,176.68 3 0
black-lotus/internal/domain/auth/services/oauth_service.go:176.68,178.4 1 0
black-lotus/internal/domain/auth/services/oauth_service.go:181.3,181.32 1 0
black-lotus/internal/domain/auth/services/oauth_service.go:181.32,182.39 1 0
black-lotus/internal/domain/auth/services/oauth_service.go:182.39,184.10 2 0
black-lotus/internal/domain/auth/services/oauth_service.go:188.3,188.46 1 0
black-lotus/internal/domain/auth/services/oauth_service.go:188.46,190.4 1 0
black-lotus/internal/domain/auth/services/oauth_service.go:193.2,193.26 1 0
black-lotus/internal/domain/auth/services/oauth_service.go:193.26,195.3 1 0
black-lotus/internal/domain/auth/services/oauth_service.go:198.2,201.16 3 0
black-lotus/internal/domain/auth/services/oauth_service.go:201.16,204.17 2 0
black-lotus/internal/domain/auth/services/oauth_service.go:204.17,206.4 1 0
black-lotus/internal/domain/auth/services/oauth_service.go:209.3,211.17 3 0
black-lotus/internal/domain/auth/services/oauth_service.go:211.17,213.4 1 0
black-lotus/internal/domain/auth/services/oauth_service.go:215.3,215.19 1 0
black-lotus/internal/domain/auth/services/oauth_service.go:219.2,220.16 2 0
black-lotus/internal/domain/auth/services/oauth_service.go:220.16,222.3 1 0
black-lotus/internal/domain/auth/services/oauth_service.go:225.2,225.17 1 0
black-lotus/internal/domain/auth/services/oauth_service.go:225.17,232.17 3 0
black-lotus/internal/domain/auth/services/oauth_service.go:232.17,234.4 1 0
black-lotus/internal/domain/auth/services/oauth_service.go:238.2,247.16 3 0
black-lotus/internal/domain/auth/services/oauth_service.go:247.16,249.3 1 0
black-lotus/internal/domain/auth/services/oauth_service.go:252.2,252.25 1 0
black-lotus/internal/domain/auth/services/oauth_service.go:252.25,254.17 2 0
black-lotus/internal/domain/auth/services/oauth_service.go:254.17,257.4 1 0
black-lotus/internal/domain/auth/services/oauth_service.go:260.2,260.18 1 0
black-lotus/internal/domain/auth/services/oauth_service.go:264.119,276.16 9 0
black-lotus/internal/domain/auth/services/oauth_service.go:276.16,278.3 1 0
black-lotus/internal/domain/auth/services/oauth_service.go:280.2,284.16 3 0
black-lotus/internal/domain/auth/services/oauth_service.go:284.16,286.3 1 0
black-lotus/internal/domain/auth/services/oauth_service.go:288.2,293.57 4 0
black-lotus/internal/domain/auth/services/oauth_service.go:293.57,295.3 1 0
black-lotus/internal/domain/auth/services/oauth_service.go:298.2,301.16 3 0
black-lotus/internal/domain/auth/services/oauth_service.go:301.16,303.3 1 0
black-lotus/internal/domain/auth/services/oauth_service.go:305.2,309.16 3 0
black-lotus/internal/domain/auth/services/oauth_service.go:309.16,311.3 1 0
black-lotus/internal/domain/auth/services/oauth_service.go:313.2,317.69 3 0
black-lotus/internal/domain/auth/services/oauth_service.go:317.69,319.3 1 0
black-lotus/internal/domain/auth/services/oauth_service.go:322.2,324.16 2 0
black-lotus/internal/domain/auth/services/oauth_service.go:324.16,327.17 2 0
black-lotus/internal/domain/auth/services/oauth_service.go:327.17,329.4 1 0
black-lotus/internal/domain/auth/services/oauth_service.go:332.3,336.17 5 0
black-lotus/internal/domain/auth/services/oauth_service.go:336.17,338.4 1 0
black-lotus/internal/domain/auth/services/oauth_service.go:340.3,340.19 1 0
black-lotus/internal/domain/auth/services/oauth_service.go:344.2,345.16 2 0
black-lotus/internal/domain/auth/services/oauth_service.go:345.16,347.3 1 0
black-lotus/internal/domain/auth/services/oauth_service.go:350.2,350.17 1 0
black-lotus/internal/domain/auth/services/oauth_service.go:350.17,356.17 3 0
black-lotus/internal/domain/auth/services/oauth_service.go:356.17,358.4 1 0
black-lotus/internal/domain/auth/services/oauth_service.go:362.2,372.16 3 0
black-lotus/internal/domain/auth/services/oauth_service.go:372.16,374.3 1 0
black-lotus/internal/domain/auth/services/oauth_service.go:377.2,377.51 1 0
black-lotus/internal/domain/auth/services/oauth_service.go:377.51,379.17 2 0
black-lotus/internal/domain/auth/services/oauth_service.go:379.17,382.4 1 0
black-lotus/internal/domain/auth/services/oauth_service.go:385.2,385.18 1 0
black-lotus/internal/domain/auth/services/session_service.go:29.93,33.2 1 1
black-lotus/internal/domain/auth/services/session_service.go:36.104,43.2 3 1
black-lotus/internal/domain/auth/services/session_service.go:46.106,48.2 1 1
black-lotus/internal/domain/auth/services/session_service.go:51.107,53.2 1 1
black-lotus/internal/domain/auth/services/session_service.go:56.112,59.16 2 1
black-lotus/internal/domain/auth/services/session_service.go:59.16,61.3 1 1
black-lotus/internal/domain/auth/services/session_service.go:64.2,64.58 1 1
black-lotus/internal/domain/auth/services/session_service.go:68.91,70.2 1 1
black-lotus/internal/domain/auth/services/session_service.go:73.92,75.2 1 1
black-lotus/internal/domain/auth/services/session_service.go:78.90,80.2 1 1
black-lotus/internal/domain/auth/services/user_service.go:27.136,29.2 1 1
black-lotus/internal/domain/auth/services/user_service.go:31.107,34.16 2 1
black-lotus/internal/domain/auth/services/user_service.go:34.16,36.3 1 0
black-lotus/internal/domain/auth/services/user_service.go:38.2,38.25 1 1
black-lotus/internal/domain/auth/services/user_service.go:38.25,40.3 1 1
black-lotus/internal/domain/auth/services/user_service.go:43.2,44.27 2 1
black-lotus/internal/domain/auth/services/user_service.go:44.27,46.17 2 1
black-lotus/internal/domain/auth/services/user_service.go:46.17,48.4 1 0
black-lotus/internal/domain/auth/services/user_service.go:50.3,51.28 2 1
black-lotus/internal/domain/auth/services/user_service.go:55.2,56.16 2 1
black-lotus/internal/domain/auth/services/user_service.go:56.16,58.3 1 1
black-lotus/internal/domain/auth/services/user_service.go:61.2,63.18 2 1
black-lotus/internal/domain/auth/services/user_service.go:67.105,70.16 2 1
black-lotus/internal/domain/auth/services/user_service.go:70.16,72.3 1 1
black-lotus/internal/domain/auth/services/user_service.go:76.2,76.25 1 1
black-lotus/internal/domain/auth/services/user_service.go:76.26,79.3 0 1
black-lotus/internal/domain/auth/services/user_service.go:81.2,81.18 1 1
black-lotus/internal/domain/auth/services/user_service.go:84.96,86.16 2 1
black-lotus/internal/domain/auth/services/user_service.go:86.16,88.3 1 1
black-lotus/internal/domain/auth/services/user_service.go:91.2,93.18 2 1
black-lotus/internal/domain/auth/services/user_service.go:100.120,103.16 2 1
black-lotus/internal/domain/auth/services/user_service.go:103.16,105.3 1 1
black-lotus/internal/domain/auth/services/user_service.go:108.2,112.16 3 1
black-lotus/internal/domain/auth/services/user_service.go:112.16,114.3 1 1
black-lotus/internal/domain/auth/services/user_service.go:117.2,119.18 2 1
black-lotus/internal/domain/auth/repositories/oauth_repository.go:24.60,26.2 1 1
black-lotus/internal/domain/auth/repositories/oauth_repository.go:29.102,47.2 2 1
black-lotus/internal/domain/auth/repositories/oauth_repository.go:50.129,69.16 3 1
black-lotus/internal/domain/auth/repositories/oauth_repository.go:69.16,71.3 1 1
black-lotus/internal/domain/auth/repositories/oauth_repository.go:73.2,73.21 1 1
black-lotus/internal/domain/auth/repositories/oauth_repository.go:77.119,85.16 2 1
black-lotus/internal/domain/auth/repositories/oauth_repository.go:85.16,87.3 1 0
black-lotus/internal/domain/auth/repositories/oauth_repository.go:88.2,91.18 3 1
black-lotus/internal/domain/auth/repositories/oauth_repository.go:91.18,103.17 3 1
black-lotus/internal/domain/auth/repositories/oauth_repository.go:103.17,105.4 1 0
black-lotus/internal/domain/auth/repositories/oauth_repository.go:106.3,106.39 1 1
black-lotus/internal/domain/auth/repositories/oauth_repository.go:109.2,109.22 1 1
black-lotus/internal/domain/auth/repositories/session_repository.go:34.64,36.2 1 1
black-lotus/internal/domain/auth/repositories/session_repository.go:44.28,49.55 3 1
black-lotus/internal/domain/auth/repositories/session_repository.go:49.55,51.3 1 0
black-lotus/internal/domain/auth/repositories/session_repository.go:52.2,58.56 5 1
black-lotus/internal/domain/auth/repositories/session_repository.go:58.56,60.3 1 0
black-lotus/internal/domain/auth/repositories/session_repository.go:61.2,82.16 7 1
black-lotus/internal/domain/auth/repositories/session_repository.go:82.16,84.3 1 1
black-lotus/internal/domain/auth/repositories/session_repository.go:87.2,90.21 3 1
black-lotus/internal/domain/auth/repositories/session_repository.go:94.113,114.16 5 1
black-lotus/internal/domain/auth/repositories/session_repository.go:114.16,116.3 1 1
black-lotus/internal/domain/auth/repositories/session_repository.go:118.2,118.21 1 1
black-lotus/internal/domain/auth/repositories/session_repository.go:122.114,142.16 5 1
black-lotus/internal/domain/auth/repositories/session_repository.go:142.16,144.3 1 1
black-lotus/internal/domain/auth/repositories/session_repository.go:146.2,146.21 1 1
black-lotus/internal/domain/auth/repositories/session_repository.go:150.115,155.49 3 1
black-lotus/internal/domain/auth/repositories/session_repository.go:155.49,157.3 1 0
black-lotus/internal/domain/auth/repositories/session_repository.go:159.2,180.16 6 1
black-lotus/internal/domain/auth/repositories/session_repository.go:180.16,182.3 1 1
black-lotus/internal/domain/auth/repositories/session_repository.go:185.2,187.21 2 1
black-lotus/internal/domain/auth/repositories/session_repository.go:191.97,203.2 4 1
black-lotus/internal/domain/auth/repositories/session_repository.go:206.98,218.2 4 1
black-lotus/internal/domain/auth/repositories/session_repository.go:221.93,228.2 2 1
black-lotus/internal/domain/auth/repositories/user_repository.go:31.58,33.2 1 1
black-lotus/internal/domain/auth/repositories/user_repository.go:35.134,52.16 3 1
black-lotus/internal/domain/auth/repositories/user_repository.go:52.16,54.3 1 1
black-lotus/internal/domain/auth/repositories/user_repository.go:56.2,56.18 1 1
black-lotus/internal/domain/auth/repositories/user_repository.go:60.108,78.16 4 1
black-lotus/internal/domain/auth/repositories/user_repository.go:78.16,79.36 1 1
black-lotus/internal/domain/auth/repositories/user_repository.go:79.36,81.4 1 1
black-lotus/internal/domain/auth/repositories/user_repository.go:82.3,82.18 1 0
black-lotus/internal/domain/auth/repositories/user_repository.go:86.2,87.16 2 1
black-lotus/internal/domain/auth/repositories/user_repository.go:87.16,89.3 1 1
black-lotus/internal/domain/auth/repositories/user_repository.go:92.2,92.18 1 1
black-lotus/internal/domain/auth/repositories/user_repository.go:95.99,112.16 3 1
black-lotus/internal/domain/auth/repositories/user_repository.go:112.16,114.3 1 1
black-lotus/internal/domain/auth/repositories/user_repository.go:116.2,116.18 1 1
black-lotus/internal/domain/auth/repositories/user_repository.go:119.98,136.16 3 1
black-lotus/internal/domain/auth/repositories/user_repository.go:136.16,137.36 1 1
black-lotus/internal/domain/auth/repositories/user_repository.go:137.36,139.4 1 1
black-lotus/internal/domain/auth/repositories/user_repository.go:140.3,140.18 1 0
black-lotus/internal/domain/auth/repositories/user_repository.go:143.2,143.18 1 1
black-lotus/internal/domain/auth/repositories/user_repository.go:147.103,155.2 2 0
black-lotus/internal/domain/auth/repositories/user_repository.go:158.127,161.16 2 1
black-lotus/internal/domain/auth/repositories/user_repository.go:161.16,163.3 1 1
black-lotus/internal/domain/auth/repositories/user_repository.go:166.2,166.16 1 1
black-lotus/internal/domain/auth/repositories/user_repository.go:166.16,168.3 1 0
black-lotus/internal/domain/auth/repositories/user_repository.go:171.2,179.16 2 1
black-lotus/internal/domain/auth/repositories/user_repository.go:179.16,181.3 1 0
black-lotus/internal/domain/auth/repositories/user_repository.go:182.2,185.18 3 1
black-lotus/internal/domain/auth/repositories/user_repository.go:185.18,198.17 3 1
black-lotus/internal/domain/auth/repositories/user_repository.go:198.17,200.4 1 0
black-lotus/internal/domain/auth/repositories/user_repository.go:201.3,201.30 1 1
black-lotus/internal/domain/auth/repositories/user_repository.go:204.2,204.35 1 1
black-lotus/internal/domain/auth/repositories/user_repository.go:204.35,206.3 1 0
black-lotus/internal/domain/auth/repositories/user_repository.go:208.2,209.18 2 1
