mode: set
black-lotus/internal/api/controllers/auth/oauth_controller.go:28.136,33.2 1 1
black-lotus/internal/api/controllers/auth/oauth_controller.go:36.68,39.20 2 1
black-lotus/internal/api/controllers/auth/oauth_controller.go:39.20,41.3 1 1
black-lotus/internal/api/controllers/auth/oauth_controller.go:44.2,55.4 5 1
black-lotus/internal/api/controllers/auth/oauth_controller.go:59.72,62.16 2 1
black-lotus/internal/api/controllers/auth/oauth_controller.go:62.16,66.3 1 1
black-lotus/internal/api/controllers/auth/oauth_controller.go:69.2,71.17 3 1
black-lotus/internal/api/controllers/auth/oauth_controller.go:71.17,73.17 2 1
black-lotus/internal/api/controllers/auth/oauth_controller.go:73.17,76.4 1 1
black-lotus/internal/api/controllers/auth/oauth_controller.go:80.2,81.16 2 1
black-lotus/internal/api/controllers/auth/oauth_controller.go:81.16,85.3 1 1
black-lotus/internal/api/controllers/auth/oauth_controller.go:88.2,89.16 2 1
black-lotus/internal/api/controllers/auth/oauth_controller.go:89.16,93.3 1 1
black-lotus/internal/api/controllers/auth/oauth_controller.go:96.2,97.23 2 1
black-lotus/internal/api/controllers/auth/oauth_controller.go:97.23,99.3 1 0
black-lotus/internal/api/controllers/auth/oauth_controller.go:101.2,127.52 20 1
black-lotus/internal/api/controllers/auth/oauth_controller.go:131.68,134.20 2 1
black-lotus/internal/api/controllers/auth/oauth_controller.go:134.20,136.3 1 1
black-lotus/internal/api/controllers/auth/oauth_controller.go:139.2,150.4 5 1
black-lotus/internal/api/controllers/auth/oauth_controller.go:154.72,157.16 2 1
black-lotus/internal/api/controllers/auth/oauth_controller.go:157.16,161.3 1 1
black-lotus/internal/api/controllers/auth/oauth_controller.go:164.2,166.17 3 1
black-lotus/internal/api/controllers/auth/oauth_controller.go:166.17,168.17 2 1
black-lotus/internal/api/controllers/auth/oauth_controller.go:168.17,171.4 1 1
black-lotus/internal/api/controllers/auth/oauth_controller.go:175.2,181.16 5 1
black-lotus/internal/api/controllers/auth/oauth_controller.go:181.16,185.3 1 1
black-lotus/internal/api/controllers/auth/oauth_controller.go:188.2,189.16 2 1
black-lotus/internal/api/controllers/auth/oauth_controller.go:189.16,193.3 1 1
black-lotus/internal/api/controllers/auth/oauth_controller.go:196.2,197.23 2 1
black-lotus/internal/api/controllers/auth/oauth_controller.go:197.23,199.3 1 0
black-lotus/internal/api/controllers/auth/oauth_controller.go:201.2,227.64 20 1
black-lotus/internal/api/controllers/auth/user_controller.go:35.132,39.68 2 1
black-lotus/internal/api/controllers/auth/user_controller.go:39.68,41.18 2 1
black-lotus/internal/api/controllers/auth/user_controller.go:41.18,43.4 1 0
black-lotus/internal/api/controllers/auth/user_controller.go:44.3,44.14 1 1
black-lotus/internal/api/controllers/auth/user_controller.go:48.2,54.3 2 1
black-lotus/internal/api/controllers/auth/user_controller.go:58.63,62.41 2 1
black-lotus/internal/api/controllers/auth/user_controller.go:62.41,66.3 1 0
black-lotus/internal/api/controllers/auth/user_controller.go:68.2,68.50 1 1
black-lotus/internal/api/controllers/auth/user_controller.go:68.50,70.67 1 1
black-lotus/internal/api/controllers/auth/user_controller.go:70.67,73.39 2 1
black-lotus/internal/api/controllers/auth/user_controller.go:73.39,74.20 1 1
black-lotus/internal/api/controllers/auth/user_controller.go:75.21,76.73 1 1
black-lotus/internal/api/controllers/auth/user_controller.go:77.18,78.69 1 1
black-lotus/internal/api/controllers/auth/user_controller.go:79.16,80.108 1 1
black-lotus/internal/api/controllers/auth/user_controller.go:81.30,82.86 1 1
black-lotus/internal/api/controllers/auth/user_controller.go:83.30,84.86 1 1
black-lotus/internal/api/controllers/auth/user_controller.go:85.27,86.76 1 1
black-lotus/internal/api/controllers/auth/user_controller.go:87.32,88.87 1 1
black-lotus/internal/api/controllers/auth/user_controller.go:89.13,90.72 1 0
black-lotus/internal/api/controllers/auth/user_controller.go:94.4,97.6 1 1
black-lotus/internal/api/controllers/auth/user_controller.go:100.3,102.5 1 0
black-lotus/internal/api/controllers/auth/user_controller.go:106.2,107.16 2 1
black-lotus/internal/api/controllers/auth/user_controller.go:107.16,109.59 1 1
black-lotus/internal/api/controllers/auth/user_controller.go:109.59,113.4 1 1
black-lotus/internal/api/controllers/auth/user_controller.go:114.3,116.5 1 1
black-lotus/internal/api/controllers/auth/user_controller.go:120.2,121.16 2 1
black-lotus/internal/api/controllers/auth/user_controller.go:121.16,125.3 1 1
black-lotus/internal/api/controllers/auth/user_controller.go:125.8,150.3 18 1
black-lotus/internal/api/controllers/auth/user_controller.go:152.2,152.43 1 1
black-lotus/internal/api/controllers/auth/user_controller.go:156.60,160.41 2 1
black-lotus/internal/api/controllers/auth/user_controller.go:160.41,164.3 1 0
black-lotus/internal/api/controllers/auth/user_controller.go:166.2,166.50 1 1
black-lotus/internal/api/controllers/auth/user_controller.go:166.50,170.3 1 0
black-lotus/internal/api/controllers/auth/user_controller.go:173.2,174.16 2 1
black-lotus/internal/api/controllers/auth/user_controller.go:174.16,179.3 1 1
black-lotus/internal/api/controllers/auth/user_controller.go:182.2,183.16 2 1
black-lotus/internal/api/controllers/auth/user_controller.go:183.16,188.3 2 1
black-lotus/internal/api/controllers/auth/user_controller.go:191.2,215.38 19 1
black-lotus/internal/api/controllers/auth/user_controller.go:219.61,225.43 3 1
black-lotus/internal/api/controllers/auth/user_controller.go:225.43,229.3 1 1
black-lotus/internal/api/controllers/auth/user_controller.go:232.2,232.22 1 1
black-lotus/internal/api/controllers/auth/user_controller.go:232.22,234.17 2 1
black-lotus/internal/api/controllers/auth/user_controller.go:234.17,237.4 1 1
black-lotus/internal/api/controllers/auth/user_controller.go:241.2,241.23 1 1
black-lotus/internal/api/controllers/auth/user_controller.go:241.23,243.17 2 1
black-lotus/internal/api/controllers/auth/user_controller.go:243.17,246.4 1 1
black-lotus/internal/api/controllers/auth/user_controller.go:250.2,267.4 13 1
black-lotus/internal/api/controllers/auth/user_controller.go:270.63,273.16 2 1
black-lotus/internal/api/controllers/auth/user_controller.go:273.16,277.3 1 1
black-lotus/internal/api/controllers/auth/user_controller.go:280.2,281.16 2 1
black-lotus/internal/api/controllers/auth/user_controller.go:281.16,285.3 1 1
black-lotus/internal/api/controllers/auth/user_controller.go:288.2,303.4 10 1
black-lotus/internal/api/controllers/auth/user_controller.go:306.65,309.16 2 1
black-lotus/internal/api/controllers/auth/user_controller.go:309.16,312.24 2 1
black-lotus/internal/api/controllers/auth/user_controller.go:312.24,316.4 1 1
black-lotus/internal/api/controllers/auth/user_controller.go:319.3,322.5 1 1
black-lotus/internal/api/controllers/auth/user_controller.go:326.2,327.16 2 1
black-lotus/internal/api/controllers/auth/user_controller.go:327.16,332.3 1 1
black-lotus/internal/api/controllers/auth/user_controller.go:335.2,336.16 2 1
black-lotus/internal/api/controllers/auth/user_controller.go:336.16,340.3 1 1
black-lotus/internal/api/controllers/auth/user_controller.go:342.2,342.38 1 1
black-lotus/internal/api/controllers/auth/user_controller.go:345.63,351.2 2 1
black-lotus/internal/api/controllers/auth/user_controller.go:354.74,357.16 2 1
black-lotus/internal/api/controllers/auth/user_controller.go:357.16,360.24 2 1
black-lotus/internal/api/controllers/auth/user_controller.go:360.24,364.4 1 1
black-lotus/internal/api/controllers/auth/user_controller.go:367.3,370.5 1 0
black-lotus/internal/api/controllers/auth/user_controller.go:374.2,375.16 2 1
black-lotus/internal/api/controllers/auth/user_controller.go:375.16,380.3 1 0
black-lotus/internal/api/controllers/auth/user_controller.go:383.2,387.16 4 1
black-lotus/internal/api/controllers/auth/user_controller.go:387.16,391.3 1 1
black-lotus/internal/api/controllers/auth/user_controller.go:393.2,393.38 1 1
