mode: set
black-lotus/internal/domain/trip/repositories/trip_repository.go:29.58,31.2 1 1
black-lotus/internal/domain/trip/repositories/trip_repository.go:33.128,58.16 3 1
black-lotus/internal/domain/trip/repositories/trip_repository.go:58.16,60.3 1 0
black-lotus/internal/domain/trip/repositories/trip_repository.go:62.2,62.18 1 1
black-lotus/internal/domain/trip/repositories/trip_repository.go:66.128,98.16 3 1
black-lotus/internal/domain/trip/repositories/trip_repository.go:98.16,99.36 1 1
black-lotus/internal/domain/trip/repositories/trip_repository.go:99.36,101.4 1 1
black-lotus/internal/domain/trip/repositories/trip_repository.go:102.3,102.18 1 0
black-lotus/internal/domain/trip/repositories/trip_repository.go:105.2,105.18 1 1
black-lotus/internal/domain/trip/repositories/trip_repository.go:109.82,115.16 2 1
black-lotus/internal/domain/trip/repositories/trip_repository.go:115.16,117.3 1 0
black-lotus/internal/domain/trip/repositories/trip_repository.go:119.2,119.36 1 1
black-lotus/internal/domain/trip/repositories/trip_repository.go:119.36,121.3 1 1
black-lotus/internal/domain/trip/repositories/trip_repository.go:123.2,123.12 1 1
black-lotus/internal/domain/trip/repositories/trip_repository.go:127.99,146.16 3 1
black-lotus/internal/domain/trip/repositories/trip_repository.go:146.16,147.36 1 1
black-lotus/internal/domain/trip/repositories/trip_repository.go:147.36,149.4 1 1
black-lotus/internal/domain/trip/repositories/trip_repository.go:150.3,150.18 1 0
black-lotus/internal/domain/trip/repositories/trip_repository.go:153.2,153.18 1 1
black-lotus/internal/domain/trip/repositories/trip_repository.go:157.125,158.16 1 1
black-lotus/internal/domain/trip/repositories/trip_repository.go:158.16,160.3 1 0
black-lotus/internal/domain/trip/repositories/trip_repository.go:162.2,170.16 2 1
black-lotus/internal/domain/trip/repositories/trip_repository.go:170.16,172.3 1 0
black-lotus/internal/domain/trip/repositories/trip_repository.go:173.2,177.18 3 1
black-lotus/internal/domain/trip/repositories/trip_repository.go:177.18,192.17 3 1
black-lotus/internal/domain/trip/repositories/trip_repository.go:192.17,194.4 1 0
black-lotus/internal/domain/trip/repositories/trip_repository.go:196.3,196.30 1 1
black-lotus/internal/domain/trip/repositories/trip_repository.go:199.2,199.35 1 1
black-lotus/internal/domain/trip/repositories/trip_repository.go:199.35,201.3 1 0
black-lotus/internal/domain/trip/repositories/trip_repository.go:203.2,203.19 1 1
black-lotus/internal/domain/trip/services/trip_service.go:22.81,24.2 1 1
black-lotus/internal/domain/trip/services/trip_service.go:26.125,28.43 1 1
black-lotus/internal/domain/trip/services/trip_service.go:28.43,30.3 1 1
black-lotus/internal/domain/trip/services/trip_service.go:33.2,33.22 1 1
black-lotus/internal/domain/trip/services/trip_service.go:33.22,35.3 1 1
black-lotus/internal/domain/trip/services/trip_service.go:38.2,40.16 2 1
black-lotus/internal/domain/trip/services/trip_service.go:40.16,42.3 1 1
black-lotus/internal/domain/trip/services/trip_service.go:44.2,44.18 1 1
black-lotus/internal/domain/trip/services/trip_service.go:48.143,51.16 2 1
black-lotus/internal/domain/trip/services/trip_service.go:51.16,53.3 1 1
black-lotus/internal/domain/trip/services/trip_service.go:55.2,55.27 1 1
black-lotus/internal/domain/trip/services/trip_service.go:55.27,57.3 1 1
black-lotus/internal/domain/trip/services/trip_service.go:60.2,60.52 1 1
black-lotus/internal/domain/trip/services/trip_service.go:60.52,61.45 1 1
black-lotus/internal/domain/trip/services/trip_service.go:61.45,63.4 1 1
black-lotus/internal/domain/trip/services/trip_service.go:64.8,64.76 1 1
black-lotus/internal/domain/trip/services/trip_service.go:64.76,66.3 1 1
black-lotus/internal/domain/trip/services/trip_service.go:66.8,66.73 1 1
black-lotus/internal/domain/trip/services/trip_service.go:66.73,68.3 1 1
black-lotus/internal/domain/trip/services/trip_service.go:73.2,73.50 1 1
black-lotus/internal/domain/trip/services/trip_service.go:77.97,80.16 2 1
black-lotus/internal/domain/trip/services/trip_service.go:80.16,82.3 1 0
black-lotus/internal/domain/trip/services/trip_service.go:84.2,84.27 1 1
black-lotus/internal/domain/trip/services/trip_service.go:84.27,86.3 1 1
black-lotus/internal/domain/trip/services/trip_service.go:88.2,88.43 1 1
black-lotus/internal/domain/trip/services/trip_service.go:92.114,94.16 2 1
black-lotus/internal/domain/trip/services/trip_service.go:94.16,96.3 1 1
black-lotus/internal/domain/trip/services/trip_service.go:99.2,99.27 1 1
black-lotus/internal/domain/trip/services/trip_service.go:99.27,101.3 1 1
black-lotus/internal/domain/trip/services/trip_service.go:103.2,103.18 1 0
