mode: set
black-lotus/internal/domain/trip/services/trip_service.go:24.132,26.2 1 1
black-lotus/internal/domain/trip/services/trip_service.go:28.125,30.43 1 1
black-lotus/internal/domain/trip/services/trip_service.go:30.43,32.3 1 1
black-lotus/internal/domain/trip/services/trip_service.go:35.2,35.22 1 1
black-lotus/internal/domain/trip/services/trip_service.go:35.22,37.3 1 1
black-lotus/internal/domain/trip/services/trip_service.go:40.2,42.16 2 1
black-lotus/internal/domain/trip/services/trip_service.go:42.16,44.3 1 1
black-lotus/internal/domain/trip/services/trip_service.go:46.2,46.18 1 1
black-lotus/internal/domain/trip/services/trip_service.go:50.143,53.16 2 1
black-lotus/internal/domain/trip/services/trip_service.go:53.16,55.3 1 1
black-lotus/internal/domain/trip/services/trip_service.go:57.2,57.27 1 1
black-lotus/internal/domain/trip/services/trip_service.go:57.27,59.3 1 1
black-lotus/internal/domain/trip/services/trip_service.go:62.2,62.52 1 1
black-lotus/internal/domain/trip/services/trip_service.go:62.52,63.45 1 1
black-lotus/internal/domain/trip/services/trip_service.go:63.45,65.4 1 1
black-lotus/internal/domain/trip/services/trip_service.go:66.8,66.76 1 1
black-lotus/internal/domain/trip/services/trip_service.go:66.76,68.3 1 1
black-lotus/internal/domain/trip/services/trip_service.go:68.8,68.73 1 1
black-lotus/internal/domain/trip/services/trip_service.go:68.73,70.3 1 1
black-lotus/internal/domain/trip/services/trip_service.go:75.2,75.50 1 1
black-lotus/internal/domain/trip/services/trip_service.go:79.97,82.16 2 1
black-lotus/internal/domain/trip/services/trip_service.go:82.16,84.3 1 1
black-lotus/internal/domain/trip/services/trip_service.go:86.2,86.27 1 1
black-lotus/internal/domain/trip/services/trip_service.go:86.27,88.3 1 1
black-lotus/internal/domain/trip/services/trip_service.go:90.2,90.43 1 1
black-lotus/internal/domain/trip/services/trip_service.go:94.114,96.16 2 1
black-lotus/internal/domain/trip/services/trip_service.go:96.16,98.3 1 1
black-lotus/internal/domain/trip/services/trip_service.go:101.2,101.27 1 1
black-lotus/internal/domain/trip/services/trip_service.go:101.27,103.3 1 1
black-lotus/internal/domain/trip/services/trip_service.go:105.2,105.18 1 0
black-lotus/internal/domain/trip/services/trip_service.go:108.125,110.16 2 1
black-lotus/internal/domain/trip/services/trip_service.go:110.16,112.3 1 1
black-lotus/internal/domain/trip/services/trip_service.go:115.2,115.34 1 1
black-lotus/internal/domain/trip/services/trip_service.go:115.34,117.3 1 1
black-lotus/internal/domain/trip/services/trip_service.go:119.2,119.18 1 1
black-lotus/internal/domain/trip/services/trip_service.go:122.120,125.16 2 1
black-lotus/internal/domain/trip/services/trip_service.go:125.16,127.3 1 1
black-lotus/internal/domain/trip/services/trip_service.go:130.2,131.16 2 1
black-lotus/internal/domain/trip/services/trip_service.go:131.16,133.3 1 0
black-lotus/internal/domain/trip/services/trip_service.go:136.2,137.18 2 1
black-lotus/internal/domain/trip/repositories/trip_repository.go:30.58,32.2 1 1
black-lotus/internal/domain/trip/repositories/trip_repository.go:34.128,59.16 3 1
black-lotus/internal/domain/trip/repositories/trip_repository.go:59.16,61.3 1 0
black-lotus/internal/domain/trip/repositories/trip_repository.go:63.2,63.18 1 1
black-lotus/internal/domain/trip/repositories/trip_repository.go:67.128,99.16 3 1
black-lotus/internal/domain/trip/repositories/trip_repository.go:99.16,100.36 1 1
black-lotus/internal/domain/trip/repositories/trip_repository.go:100.36,102.4 1 1
black-lotus/internal/domain/trip/repositories/trip_repository.go:103.3,103.18 1 0
black-lotus/internal/domain/trip/repositories/trip_repository.go:106.2,106.18 1 1
black-lotus/internal/domain/trip/repositories/trip_repository.go:110.82,116.16 2 1
black-lotus/internal/domain/trip/repositories/trip_repository.go:116.16,118.3 1 0
black-lotus/internal/domain/trip/repositories/trip_repository.go:120.2,120.36 1 1
black-lotus/internal/domain/trip/repositories/trip_repository.go:120.36,122.3 1 1
black-lotus/internal/domain/trip/repositories/trip_repository.go:124.2,124.12 1 1
black-lotus/internal/domain/trip/repositories/trip_repository.go:128.99,147.16 3 1
black-lotus/internal/domain/trip/repositories/trip_repository.go:147.16,148.36 1 1
black-lotus/internal/domain/trip/repositories/trip_repository.go:148.36,150.4 1 1
black-lotus/internal/domain/trip/repositories/trip_repository.go:151.3,151.18 1 0
black-lotus/internal/domain/trip/repositories/trip_repository.go:154.2,154.18 1 1
black-lotus/internal/domain/trip/repositories/trip_repository.go:158.125,159.16 1 1
black-lotus/internal/domain/trip/repositories/trip_repository.go:159.16,161.3 1 0
black-lotus/internal/domain/trip/repositories/trip_repository.go:163.2,171.16 2 1
black-lotus/internal/domain/trip/repositories/trip_repository.go:171.16,173.3 1 0
black-lotus/internal/domain/trip/repositories/trip_repository.go:174.2,178.18 3 1
black-lotus/internal/domain/trip/repositories/trip_repository.go:178.18,193.17 3 1
black-lotus/internal/domain/trip/repositories/trip_repository.go:193.17,195.4 1 0
black-lotus/internal/domain/trip/repositories/trip_repository.go:197.3,197.30 1 1
black-lotus/internal/domain/trip/repositories/trip_repository.go:200.2,200.35 1 1
black-lotus/internal/domain/trip/repositories/trip_repository.go:200.35,202.3 1 0
black-lotus/internal/domain/trip/repositories/trip_repository.go:204.2,204.19 1 1
black-lotus/internal/domain/trip/repositories/trip_repository.go:208.103,211.16 2 1
black-lotus/internal/domain/trip/repositories/trip_repository.go:211.16,213.3 1 1
black-lotus/internal/domain/trip/repositories/trip_repository.go:216.2,230.16 3 1
black-lotus/internal/domain/trip/repositories/trip_repository.go:230.16,232.3 1 0
black-lotus/internal/domain/trip/repositories/trip_repository.go:235.2,236.18 2 1
