mode: set
black-lotus/internal/trip/services/trip_service.go:22.81,24.2 1 1
black-lotus/internal/trip/services/trip_service.go:26.125,28.43 1 1
black-lotus/internal/trip/services/trip_service.go:28.43,30.3 1 1
black-lotus/internal/trip/services/trip_service.go:33.2,33.22 1 1
black-lotus/internal/trip/services/trip_service.go:33.22,35.3 1 1
black-lotus/internal/trip/services/trip_service.go:38.2,40.16 2 1
black-lotus/internal/trip/services/trip_service.go:40.16,42.3 1 1
black-lotus/internal/trip/services/trip_service.go:44.2,44.18 1 1
black-lotus/internal/trip/services/trip_service.go:48.143,51.16 2 1
black-lotus/internal/trip/services/trip_service.go:51.16,53.3 1 1
black-lotus/internal/trip/services/trip_service.go:55.2,55.27 1 1
black-lotus/internal/trip/services/trip_service.go:55.27,57.3 1 1
black-lotus/internal/trip/services/trip_service.go:60.2,60.52 1 1
black-lotus/internal/trip/services/trip_service.go:60.52,61.45 1 1
black-lotus/internal/trip/services/trip_service.go:61.45,63.4 1 1
black-lotus/internal/trip/services/trip_service.go:64.8,64.76 1 1
black-lotus/internal/trip/services/trip_service.go:64.76,66.3 1 1
black-lotus/internal/trip/services/trip_service.go:66.8,66.73 1 1
black-lotus/internal/trip/services/trip_service.go:66.73,68.3 1 1
black-lotus/internal/trip/services/trip_service.go:73.2,73.50 1 1
black-lotus/internal/trip/services/trip_service.go:77.97,80.16 2 1
black-lotus/internal/trip/services/trip_service.go:80.16,82.3 1 0
black-lotus/internal/trip/services/trip_service.go:84.2,84.27 1 1
black-lotus/internal/trip/services/trip_service.go:84.27,86.3 1 1
black-lotus/internal/trip/services/trip_service.go:88.2,88.43 1 1
black-lotus/internal/trip/services/trip_service.go:92.114,94.16 2 1
black-lotus/internal/trip/services/trip_service.go:94.16,96.3 1 1
black-lotus/internal/trip/services/trip_service.go:99.2,99.27 1 1
black-lotus/internal/trip/services/trip_service.go:99.27,101.3 1 1
black-lotus/internal/trip/services/trip_service.go:103.2,103.18 1 0
